<?xml version="1.0" encoding="UTF-8"?>
<!-- Generated by org.testng.reporters.JUnitXMLReporter -->
<testsuite ignored="0" hostname="mauricio-Inspiron-7558" failures="0" tests="243" name="Surefire test" time="0.584" errors="0" timestamp="2020-10-07T10:42:19 PET">
  <testcase classname="lab.ChocolateBoilerTest" name="Test_behavior" time="0.019"/>
  <testcase classname="lab.ChocolateBoilerTest" name="Test_behavior" time="0.002"/>
  <testcase classname="lab.ChocolateBoilerTest" name="Test_behavior" time="0.01"/>
  <testcase classname="lab.ChocolateBoilerTest" name="Test_behavior" time="0.001"/>
  <testcase classname="lab.ChocolateBoilerTest" name="Test_behavior" time="0.001"/>
  <testcase classname="lab.ChocolateBoilerTest" name="Test_behavior" time="0.0"/>
  <testcase classname="lab.ChocolateBoilerTest" name="Test_behavior" time="0.001"/>
  <testcase classname="lab.ChocolateBoilerTest" name="Test_behavior" time="0.0"/>
  <testcase classname="lab.ChocolateBoilerTest" name="Test_behavior" time="0.0"/>
  <testcase classname="lab.ChocolateBoilerTest" name="Test_behavior" time="0.0"/>
  <testcase classname="lab.ChocolateBoilerTest" name="Test_behavior" time="0.0"/>
  <testcase classname="lab.ChocolateBoilerTest" name="Test_behavior" time="0.003"/>
  <testcase classname="lab.ChocolateBoilerTest" name="Test_behavior" time="0.059"/>
  <testcase classname="lab.ChocolateBoilerTest" name="Test_behavior" time="0.059"/>
  <testcase classname="lab.ChocolateBoilerTest" name="Test_behavior" time="0.0"/>
  <testcase classname="lab.ChocolateBoilerTest" name="Test_behavior" time="0.018"/>
  <testcase classname="lab.ChocolateBoilerTest" name="Test_behavior" time="0.047"/>
  <testcase classname="lab.ChocolateBoilerTest" name="Test_behavior" time="0.0"/>
  <testcase classname="lab.ChocolateBoilerTest" name="Test_behavior" time="0.018"/>
  <testcase classname="lab.ChocolateBoilerTest" name="Test_behavior" time="0.019"/>
  <testcase classname="lab.ChocolateBoilerTest" name="Test_behavior" time="0.019"/>
  <testcase classname="lab.ChocolateBoilerTest" name="Test_behavior" time="0.026"/>
  <testcase classname="lab.ChocolateBoilerTest" name="Test_behavior" time="0.004"/>
  <testcase classname="lab.ChocolateBoilerTest" name="Test_behavior" time="0.026"/>
  <testcase classname="lab.ChocolateBoilerTest" name="Test_behavior" time="0.004"/>
  <testcase classname="lab.ChocolateBoilerTest" name="Test_behavior" time="0.006"/>
  <testcase classname="lab.ChocolateBoilerTest" name="Test_behavior" time="0.031"/>
  <testcase classname="lab.ChocolateBoilerTest" name="Test_behavior" time="0.001"/>
  <testcase classname="lab.ChocolateBoilerTest" name="Test_behavior" time="0.001"/>
  <testcase classname="lab.ChocolateBoilerTest" name="Test_behavior" time="0.018"/>
  <testcase classname="lab.ChocolateBoilerTest" name="Test_behavior" time="0.001"/>
  <testcase classname="lab.ChocolateBoilerTest" name="Test_behavior" time="0.018"/>
  <testcase classname="lab.ChocolateBoilerTest" name="Test_behavior" time="0.001"/>
  <testcase classname="lab.ChocolateBoilerTest" name="Test_behavior" time="0.021"/>
  <testcase classname="lab.ChocolateBoilerTest" name="Test_behavior" time="0.019"/>
  <testcase classname="lab.ChocolateBoilerTest" name="Test_behavior" time="0.019"/>
  <testcase classname="lab.ChocolateBoilerTest" name="Test_behavior" time="0.019"/>
  <testcase classname="lab.ChocolateBoilerTest" name="Test_behavior" time="0.001"/>
  <testcase classname="lab.ChocolateBoilerTest" name="Test_behavior" time="0.0"/>
  <testcase classname="lab.ChocolateBoilerTest" name="Test_behavior" time="0.0"/>
  <testcase classname="lab.ChocolateBoilerTest" name="Test_behavior" time="0.001"/>
  <testcase classname="lab.ChocolateBoilerTest" name="Test_behavior" time="0.001"/>
  <testcase classname="lab.ChocolateBoilerTest" name="Test_behavior" time="0.0"/>
  <testcase classname="lab.ChocolateBoilerTest" name="Test_behavior" time="0.0"/>
  <testcase classname="lab.ChocolateBoilerTest" name="Test_behavior" time="0.0"/>
  <testcase classname="lab.ChocolateBoilerTest" name="Test_behavior" time="0.0"/>
  <testcase classname="lab.ChocolateBoilerTest" name="Test_behavior" time="0.001"/>
  <testcase classname="lab.ChocolateBoilerTest" name="Test_behavior" time="0.001"/>
  <testcase classname="lab.ChocolateBoilerTest" name="Test_behavior" time="0.001"/>
  <testcase classname="lab.ChocolateBoilerTest" name="Test_behavior" time="0.0"/>
  <testcase classname="lab.ChocolateBoilerTest" name="Test_behavior" time="0.0"/>
  <testcase classname="lab.ChocolateBoilerTest" name="Test_behavior" time="0.001"/>
  <testcase classname="lab.ChocolateBoilerTest" name="Test_behavior" time="0.0"/>
  <testcase classname="lab.ChocolateBoilerTest" name="Test_behavior" time="0.001"/>
  <testcase classname="lab.ChocolateBoilerTest" name="Test_behavior" time="0.001"/>
  <testcase classname="lab.ChocolateBoilerTest" name="Test_behavior" time="0.001"/>
  <testcase classname="lab.ChocolateBoilerTest" name="Test_behavior" time="0.001"/>
  <testcase classname="lab.ChocolateBoilerTest" name="Test_behavior" time="0.0"/>
  <testcase classname="lab.ChocolateBoilerTest" name="Test_behavior" time="0.0"/>
  <testcase classname="lab.ChocolateBoilerTest" name="Test_behavior" time="0.001"/>
  <testcase classname="lab.ChocolateBoilerTest" name="Test_behavior" time="0.001"/>
  <testcase classname="lab.ChocolateBoilerTest" name="Test_behavior" time="0.001"/>
  <testcase classname="lab.ChocolateBoilerTest" name="Test_behavior" time="0.0"/>
  <testcase classname="lab.ChocolateBoilerTest" name="Test_behavior" time="0.0"/>
  <testcase classname="lab.ChocolateBoilerTest" name="Test_behavior" time="0.001"/>
  <testcase classname="lab.ChocolateBoilerTest" name="Test_behavior" time="0.0"/>
  <testcase classname="lab.ChocolateBoilerTest" name="Test_behavior" time="0.0"/>
  <testcase classname="lab.ChocolateBoilerTest" name="Test_behavior" time="0.0"/>
  <testcase classname="lab.ChocolateBoilerTest" name="Test_behavior" time="0.0"/>
  <testcase classname="lab.ChocolateBoilerTest" name="Test_behavior" time="0.0"/>
  <testcase classname="lab.ChocolateBoilerTest" name="Test_behavior" time="0.0"/>
  <testcase classname="lab.ChocolateBoilerTest" name="Test_behavior" time="0.0"/>
  <testcase classname="lab.ChocolateBoilerTest" name="Test_behavior" time="0.001"/>
  <testcase classname="lab.ChocolateBoilerTest" name="Test_behavior" time="0.0"/>
  <testcase classname="lab.ChocolateBoilerTest" name="Test_behavior" time="0.0"/>
  <testcase classname="lab.ChocolateBoilerTest" name="Test_behavior" time="0.0"/>
  <testcase classname="lab.ChocolateBoilerTest" name="Test_behavior" time="0.0"/>
  <testcase classname="lab.ChocolateBoilerTest" name="Test_behavior" time="0.001"/>
  <testcase classname="lab.ChocolateBoilerTest" name="Test_behavior" time="0.0"/>
  <testcase classname="lab.ChocolateBoilerTest" name="Test_behavior" time="0.0"/>
  <testcase classname="lab.ChocolateBoilerTest" name="Test_boil_initial" time="0.0"/>
  <testcase classname="lab.ChocolateBoilerTest" name="Test_creation" time="0.001"/>
  <testcase classname="lab.ChocolateBoilerTest" name="Test_creation" time="0.0"/>
  <testcase classname="lab.ChocolateBoilerTest" name="Test_creation" time="0.0"/>
  <testcase classname="lab.ChocolateBoilerTest" name="Test_creation" time="0.001"/>
  <testcase classname="lab.ChocolateBoilerTest" name="Test_creation" time="0.0"/>
  <testcase classname="lab.ChocolateBoilerTest" name="Test_creation" time="0.0"/>
  <testcase classname="lab.ChocolateBoilerTest" name="Test_creation" time="0.004"/>
  <testcase classname="lab.ChocolateBoilerTest" name="Test_creation" time="0.003"/>
  <testcase classname="lab.ChocolateBoilerTest" name="Test_creation" time="0.004"/>
  <testcase classname="lab.ChocolateBoilerTest" name="Test_creation" time="0.0"/>
  <testcase classname="lab.ChocolateBoilerTest" name="Test_creation" time="0.0"/>
  <testcase classname="lab.ChocolateBoilerTest" name="Test_creation" time="0.0"/>
  <testcase classname="lab.ChocolateBoilerTest" name="Test_creation" time="0.0"/>
  <testcase classname="lab.ChocolateBoilerTest" name="Test_creation" time="0.0"/>
  <testcase classname="lab.ChocolateBoilerTest" name="Test_creation" time="0.0"/>
  <testcase classname="lab.ChocolateBoilerTest" name="Test_creation" time="0.001"/>
  <testcase classname="lab.ChocolateBoilerTest" name="Test_creation" time="0.001"/>
  <testcase classname="lab.ChocolateBoilerTest" name="Test_creation" time="0.0"/>
  <testcase classname="lab.ChocolateBoilerTest" name="Test_creation" time="0.0"/>
  <testcase classname="lab.ChocolateBoilerTest" name="Test_creation" time="0.0"/>
  <testcase classname="lab.ChocolateBoilerTest" name="Test_creation" time="0.001"/>
  <testcase classname="lab.ChocolateBoilerTest" name="Test_creation" time="0.0"/>
  <testcase classname="lab.ChocolateBoilerTest" name="Test_creation" time="0.0"/>
  <testcase classname="lab.ChocolateBoilerTest" name="Test_creation" time="0.0"/>
  <testcase classname="lab.ChocolateBoilerTest" name="Test_creation" time="0.0"/>
  <testcase classname="lab.ChocolateBoilerTest" name="Test_creation" time="0.0"/>
  <testcase classname="lab.ChocolateBoilerTest" name="Test_creation" time="0.0"/>
  <testcase classname="lab.ChocolateBoilerTest" name="Test_creation" time="0.0"/>
  <testcase classname="lab.ChocolateBoilerTest" name="Test_creation" time="0.0"/>
  <testcase classname="lab.ChocolateBoilerTest" name="Test_creation" time="0.0"/>
  <testcase classname="lab.ChocolateBoilerTest" name="Test_creation" time="0.0"/>
  <testcase classname="lab.ChocolateBoilerTest" name="Test_creation" time="0.0"/>
  <testcase classname="lab.ChocolateBoilerTest" name="Test_creation" time="0.0"/>
  <testcase classname="lab.ChocolateBoilerTest" name="Test_creation" time="0.0"/>
  <testcase classname="lab.ChocolateBoilerTest" name="Test_creation" time="0.002"/>
  <testcase classname="lab.ChocolateBoilerTest" name="Test_creation" time="0.0"/>
  <testcase classname="lab.ChocolateBoilerTest" name="Test_creation" time="0.003"/>
  <testcase classname="lab.ChocolateBoilerTest" name="Test_creation" time="0.003"/>
  <testcase classname="lab.ChocolateBoilerTest" name="Test_creation" time="0.003"/>
  <testcase classname="lab.ChocolateBoilerTest" name="Test_creation" time="0.001"/>
  <testcase classname="lab.ChocolateBoilerTest" name="Test_creation" time="0.001"/>
  <testcase classname="lab.ChocolateBoilerTest" name="Test_creation" time="0.001"/>
  <testcase classname="lab.ChocolateBoilerTest" name="Test_creation" time="0.0"/>
  <testcase classname="lab.ChocolateBoilerTest" name="Test_creation" time="0.0"/>
  <testcase classname="lab.ChocolateBoilerTest" name="Test_creation" time="0.0"/>
  <testcase classname="lab.ChocolateBoilerTest" name="Test_creation" time="0.0"/>
  <testcase classname="lab.ChocolateBoilerTest" name="Test_creation" time="0.001"/>
  <testcase classname="lab.ChocolateBoilerTest" name="Test_creation" time="0.001"/>
  <testcase classname="lab.ChocolateBoilerTest" name="Test_creation" time="0.0"/>
  <testcase classname="lab.ChocolateBoilerTest" name="Test_creation" time="0.0"/>
  <testcase classname="lab.ChocolateBoilerTest" name="Test_creation" time="0.001"/>
  <testcase classname="lab.ChocolateBoilerTest" name="Test_creation" time="0.001"/>
  <testcase classname="lab.ChocolateBoilerTest" name="Test_creation" time="0.0"/>
  <testcase classname="lab.ChocolateBoilerTest" name="Test_creation" time="0.0"/>
  <testcase classname="lab.ChocolateBoilerTest" name="Test_creation" time="0.0"/>
  <testcase classname="lab.ChocolateBoilerTest" name="Test_creation" time="0.0"/>
  <testcase classname="lab.ChocolateBoilerTest" name="Test_creation" time="0.001"/>
  <testcase classname="lab.ChocolateBoilerTest" name="Test_creation" time="0.0"/>
  <testcase classname="lab.ChocolateBoilerTest" name="Test_creation" time="0.0"/>
  <testcase classname="lab.ChocolateBoilerTest" name="Test_creation" time="0.0"/>
  <testcase classname="lab.ChocolateBoilerTest" name="Test_creation" time="0.001"/>
  <testcase classname="lab.ChocolateBoilerTest" name="Test_creation" time="0.0"/>
  <testcase classname="lab.ChocolateBoilerTest" name="Test_creation" time="0.0"/>
  <testcase classname="lab.ChocolateBoilerTest" name="Test_creation" time="0.0"/>
  <testcase classname="lab.ChocolateBoilerTest" name="Test_creation" time="0.0"/>
  <testcase classname="lab.ChocolateBoilerTest" name="Test_creation" time="0.0"/>
  <testcase classname="lab.ChocolateBoilerTest" name="Test_creation" time="0.001"/>
  <testcase classname="lab.ChocolateBoilerTest" name="Test_creation" time="0.001"/>
  <testcase classname="lab.ChocolateBoilerTest" name="Test_creation" time="0.0"/>
  <testcase classname="lab.ChocolateBoilerTest" name="Test_creation" time="0.0"/>
  <testcase classname="lab.ChocolateBoilerTest" name="Test_creation" time="0.0"/>
  <testcase classname="lab.ChocolateBoilerTest" name="Test_creation" time="0.001"/>
  <testcase classname="lab.ChocolateBoilerTest" name="Test_creation" time="0.0"/>
  <testcase classname="lab.ChocolateBoilerTest" name="Test_creation" time="0.0"/>
  <testcase classname="lab.ChocolateBoilerTest" name="Test_creation" time="0.001"/>
  <testcase classname="lab.ChocolateBoilerTest" name="Test_creation" time="0.0"/>
  <testcase classname="lab.ChocolateBoilerTest" name="Test_creation" time="0.0"/>
  <testcase classname="lab.ChocolateBoilerTest" name="Test_creation" time="0.0"/>
  <testcase classname="lab.ChocolateBoilerTest" name="Test_creation" time="0.0"/>
  <testcase classname="lab.ChocolateBoilerTest" name="Test_creation" time="0.001"/>
  <testcase classname="lab.ChocolateBoilerTest" name="Test_drain_initial" time="0.0"/>
  <testcase classname="lab.ChocolateBoilerTest" name="Test_fill_initial" time="0.001"/>
  <testcase classname="lab.ChocolateBoilerSingletonTest" name="Test_behavior" time="0.003"/>
  <testcase classname="lab.ChocolateBoilerSingletonTest" name="Test_behavior" time="0.005"/>
  <testcase classname="lab.ChocolateBoilerSingletonTest" name="Test_behavior" time="0.001"/>
  <testcase classname="lab.ChocolateBoilerSingletonTest" name="Test_behavior" time="0.0"/>
  <testcase classname="lab.ChocolateBoilerSingletonTest" name="Test_behavior" time="0.0"/>
  <testcase classname="lab.ChocolateBoilerSingletonTest" name="Test_behavior" time="0.0"/>
  <testcase classname="lab.ChocolateBoilerSingletonTest" name="Test_behavior" time="0.0"/>
  <testcase classname="lab.ChocolateBoilerSingletonTest" name="Test_behavior" time="0.0"/>
  <testcase classname="lab.ChocolateBoilerSingletonTest" name="Test_behavior" time="0.0"/>
  <testcase classname="lab.ChocolateBoilerSingletonTest" name="Test_behavior" time="0.0"/>
  <testcase classname="lab.ChocolateBoilerSingletonTest" name="Test_behavior" time="0.0"/>
  <testcase classname="lab.ChocolateBoilerSingletonTest" name="Test_behavior" time="0.0"/>
  <testcase classname="lab.ChocolateBoilerSingletonTest" name="Test_behavior" time="0.0"/>
  <testcase classname="lab.ChocolateBoilerSingletonTest" name="Test_behavior" time="0.001"/>
  <testcase classname="lab.ChocolateBoilerSingletonTest" name="Test_behavior" time="0.0"/>
  <testcase classname="lab.ChocolateBoilerSingletonTest" name="Test_behavior" time="0.001"/>
  <testcase classname="lab.ChocolateBoilerSingletonTest" name="Test_behavior" time="0.0"/>
  <testcase classname="lab.ChocolateBoilerSingletonTest" name="Test_behavior" time="0.0"/>
  <testcase classname="lab.ChocolateBoilerSingletonTest" name="Test_behavior" time="0.001"/>
  <testcase classname="lab.ChocolateBoilerSingletonTest" name="Test_behavior" time="0.0"/>
  <testcase classname="lab.ChocolateBoilerSingletonTest" name="Test_behavior" time="0.001"/>
  <testcase classname="lab.ChocolateBoilerSingletonTest" name="Test_behavior" time="0.0"/>
  <testcase classname="lab.ChocolateBoilerSingletonTest" name="Test_behavior" time="0.0"/>
  <testcase classname="lab.ChocolateBoilerSingletonTest" name="Test_behavior" time="0.0"/>
  <testcase classname="lab.ChocolateBoilerSingletonTest" name="Test_behavior" time="0.0"/>
  <testcase classname="lab.ChocolateBoilerSingletonTest" name="Test_behavior" time="0.0"/>
  <testcase classname="lab.ChocolateBoilerSingletonTest" name="Test_behavior" time="0.0"/>
  <testcase classname="lab.ChocolateBoilerSingletonTest" name="Test_behavior" time="0.0"/>
  <testcase classname="lab.ChocolateBoilerSingletonTest" name="Test_behavior" time="0.001"/>
  <testcase classname="lab.ChocolateBoilerSingletonTest" name="Test_behavior" time="0.001"/>
  <testcase classname="lab.ChocolateBoilerSingletonTest" name="Test_behavior" time="0.0"/>
  <testcase classname="lab.ChocolateBoilerSingletonTest" name="Test_behavior" time="0.001"/>
  <testcase classname="lab.ChocolateBoilerSingletonTest" name="Test_behavior" time="0.0"/>
  <testcase classname="lab.ChocolateBoilerSingletonTest" name="Test_behavior" time="0.0"/>
  <testcase classname="lab.ChocolateBoilerSingletonTest" name="Test_behavior" time="0.001"/>
  <testcase classname="lab.ChocolateBoilerSingletonTest" name="Test_behavior" time="0.0"/>
  <testcase classname="lab.ChocolateBoilerSingletonTest" name="Test_behavior" time="0.0"/>
  <testcase classname="lab.ChocolateBoilerSingletonTest" name="Test_behavior" time="0.0"/>
  <testcase classname="lab.ChocolateBoilerSingletonTest" name="Test_behavior" time="0.0"/>
  <testcase classname="lab.ChocolateBoilerSingletonTest" name="Test_behavior" time="0.0"/>
  <testcase classname="lab.ChocolateBoilerSingletonTest" name="Test_behavior" time="0.0"/>
  <testcase classname="lab.ChocolateBoilerSingletonTest" name="Test_behavior" time="0.001"/>
  <testcase classname="lab.ChocolateBoilerSingletonTest" name="Test_behavior" time="0.0"/>
  <testcase classname="lab.ChocolateBoilerSingletonTest" name="Test_behavior" time="0.0"/>
  <testcase classname="lab.ChocolateBoilerSingletonTest" name="Test_behavior" time="0.001"/>
  <testcase classname="lab.ChocolateBoilerSingletonTest" name="Test_behavior" time="0.0"/>
  <testcase classname="lab.ChocolateBoilerSingletonTest" name="Test_behavior" time="0.0"/>
  <testcase classname="lab.ChocolateBoilerSingletonTest" name="Test_behavior" time="0.001"/>
  <testcase classname="lab.ChocolateBoilerSingletonTest" name="Test_behavior" time="0.001"/>
  <testcase classname="lab.ChocolateBoilerSingletonTest" name="Test_behavior" time="0.0"/>
  <testcase classname="lab.ChocolateBoilerSingletonTest" name="Test_behavior" time="0.0"/>
  <testcase classname="lab.ChocolateBoilerSingletonTest" name="Test_behavior" time="0.001"/>
  <testcase classname="lab.ChocolateBoilerSingletonTest" name="Test_behavior" time="0.0"/>
  <testcase classname="lab.ChocolateBoilerSingletonTest" name="Test_behavior" time="0.0"/>
  <testcase classname="lab.ChocolateBoilerSingletonTest" name="Test_behavior" time="0.0"/>
  <testcase classname="lab.ChocolateBoilerSingletonTest" name="Test_behavior" time="0.0"/>
  <testcase classname="lab.ChocolateBoilerSingletonTest" name="Test_behavior" time="0.0"/>
  <testcase classname="lab.ChocolateBoilerSingletonTest" name="Test_behavior" time="0.0"/>
  <testcase classname="lab.ChocolateBoilerSingletonTest" name="Test_behavior" time="0.0"/>
  <testcase classname="lab.ChocolateBoilerSingletonTest" name="Test_behavior" time="0.0"/>
  <testcase classname="lab.ChocolateBoilerSingletonTest" name="Test_behavior" time="0.0"/>
  <testcase classname="lab.ChocolateBoilerSingletonTest" name="Test_behavior" time="0.0"/>
  <testcase classname="lab.ChocolateBoilerSingletonTest" name="Test_behavior" time="0.0"/>
  <testcase classname="lab.ChocolateBoilerSingletonTest" name="Test_behavior" time="0.0"/>
  <testcase classname="lab.ChocolateBoilerSingletonTest" name="Test_behavior" time="0.001"/>
  <testcase classname="lab.ChocolateBoilerSingletonTest" name="Test_behavior" time="0.0"/>
  <testcase classname="lab.ChocolateBoilerSingletonTest" name="Test_behavior" time="0.0"/>
  <testcase classname="lab.ChocolateBoilerSingletonTest" name="Test_behavior" time="0.001"/>
  <testcase classname="lab.ChocolateBoilerSingletonTest" name="Test_behavior" time="0.0"/>
  <testcase classname="lab.ChocolateBoilerSingletonTest" name="Test_behavior" time="0.0"/>
  <testcase classname="lab.ChocolateBoilerSingletonTest" name="Test_behavior" time="0.0"/>
  <testcase classname="lab.ChocolateBoilerSingletonTest" name="Test_behavior" time="0.0"/>
  <testcase classname="lab.ChocolateBoilerSingletonTest" name="Test_behavior" time="0.0"/>
  <testcase classname="lab.ChocolateBoilerSingletonTest" name="Test_behavior" time="0.0"/>
  <testcase classname="lab.ChocolateBoilerSingletonTest" name="Test_behavior" time="0.0"/>
  <testcase classname="lab.ChocolateBoilerSingletonTest" name="Test_behavior" time="0.0"/>
  <testcase classname="lab.ChocolateBoilerSingletonTest" name="Test_behavior" time="0.0"/>
  <testcase classname="lab.ChocolateBoilerSingletonTest" name="Test_behavior" time="0.0"/>
  <testcase classname="lab.ChocolateBoilerSingletonTest" name="Test_behavior" time="0.0"/>
  <testcase classname="lab.ChocolateBoilerSingletonTest" name="Test_behavior" time="0.0"/>
</testsuite> <!-- Surefire test -->
